2013-11-20T03:14:42Z 8771 TID-aqg7g INFO: Sidetiq::Clock start
2013-11-20T03:14:47Z 8771 TID-aqg7g INFO: Booting Sidekiq 2.8.0 with Redis at redis://localhost:6379/0
2013-11-20T03:14:47Z 8771 TID-aqg7g INFO: Running in ruby 2.0.0p247 (2013-06-27 revision 41674) [x86_64-linux]
2013-11-20T03:14:47Z 8771 TID-aqg7g INFO: See LICENSE and the LGPL-3.0 for licensing details.
2013-11-20T03:14:47Z 8771 TID-tcqwg INFO: Sidetiq::Clock enqueue BillingWorker (at: 1385956800.0) (last: -1.0)
2013-11-20T03:14:47Z 8771 TID-aqg7g INFO: Starting processing, hit Ctrl-C to stop
2013-11-20T03:14:47Z 8771 TID-tcqwg INFO: Sidetiq::Clock enqueue CloseEventWorker (at: 1385002800.0) (last: -1.0)
2013-11-20T03:14:47Z 8771 TID-tcqwg INFO: Sidetiq::Clock enqueue CloseExperienceWorker (at: 1385002800.0) (last: -1.0)
2013-11-20T03:14:47Z 8771 TID-tcqwg INFO: Sidetiq::Clock enqueue ExpireExperiencesWorker (at: 1385002800.0) (last: -1.0)
database configuration does not specify adapter
/home/ec2-user/.rvm/gems/ruby-2.0.0-p247/gems/activerecord-3.2.12/lib/active_record/connection_adapters/abstract/connection_specification.rb:47:in `resolve_hash_connection'
/home/ec2-user/.rvm/gems/ruby-2.0.0-p247/gems/activerecord-3.2.12/lib/active_record/connection_adapters/abstract/connection_specification.rb:41:in `resolve_string_connection'
/home/ec2-user/.rvm/gems/ruby-2.0.0-p247/gems/activerecord-3.2.12/lib/active_record/connection_adapters/abstract/connection_specification.rb:25:in `spec'
/home/ec2-user/.rvm/gems/ruby-2.0.0-p247/gems/activerecord-3.2.12/lib/active_record/connection_adapters/abstract/connection_specification.rb:130:in `establish_connection'
/home/ec2-user/.rvm/gems/ruby-2.0.0-p247/gems/activerecord-3.2.12/lib/active_record/railtie.rb:82:in `block (2 levels) in <class:Railtie>'
/home/ec2-user/.rvm/gems/ruby-2.0.0-p247/gems/activesupport-3.2.12/lib/active_support/lazy_load_hooks.rb:36:in `instance_eval'
/home/ec2-user/.rvm/gems/ruby-2.0.0-p247/gems/activesupport-3.2.12/lib/active_support/lazy_load_hooks.rb:36:in `execute_hook'
/home/ec2-user/.rvm/gems/ruby-2.0.0-p247/gems/activesupport-3.2.12/lib/active_support/lazy_load_hooks.rb:26:in `block in on_load'
/home/ec2-user/.rvm/gems/ruby-2.0.0-p247/gems/activesupport-3.2.12/lib/active_support/lazy_load_hooks.rb:25:in `each'
/home/ec2-user/.rvm/gems/ruby-2.0.0-p247/gems/activesupport-3.2.12/lib/active_support/lazy_load_hooks.rb:25:in `on_load'
/home/ec2-user/.rvm/gems/ruby-2.0.0-p247/gems/activerecord-3.2.12/lib/active_record/railtie.rb:74:in `block in <class:Railtie>'
/home/ec2-user/.rvm/gems/ruby-2.0.0-p247/gems/railties-3.2.12/lib/rails/initializable.rb:30:in `instance_exec'
/home/ec2-user/.rvm/gems/ruby-2.0.0-p247/gems/railties-3.2.12/lib/rails/initializable.rb:30:in `run'
/home/ec2-user/.rvm/gems/ruby-2.0.0-p247/gems/railties-3.2.12/lib/rails/initializable.rb:55:in `block in run_initializers'
/home/ec2-user/.rvm/gems/ruby-2.0.0-p247/gems/railties-3.2.12/lib/rails/initializable.rb:54:in `each'
/home/ec2-user/.rvm/gems/ruby-2.0.0-p247/gems/railties-3.2.12/lib/rails/initializable.rb:54:in `run_initializers'
/home/ec2-user/.rvm/gems/ruby-2.0.0-p247/gems/railties-3.2.12/lib/rails/application.rb:136:in `initialize!'
/home/ec2-user/.rvm/gems/ruby-2.0.0-p247/gems/railties-3.2.12/lib/rails/railtie/configurable.rb:30:in `method_missing'
/home/ec2-user/showtime/config/environment.rb:5:in `<top (required)>'
/home/ec2-user/.rvm/gems/ruby-2.0.0-p247/gems/sidekiq-2.8.0/lib/sidekiq/cli.rb:199:in `require'
/home/ec2-user/.rvm/gems/ruby-2.0.0-p247/gems/sidekiq-2.8.0/lib/sidekiq/cli.rb:199:in `boot_system'
/home/ec2-user/.rvm/gems/ruby-2.0.0-p247/gems/sidekiq-2.8.0/lib/sidekiq/cli.rb:47:in `parse'
/home/ec2-user/.rvm/gems/ruby-2.0.0-p247/gems/sidekiq-2.8.0/bin/sidekiq:7:in `<top (required)>'
/home/ec2-user/.rvm/gems/ruby-2.0.0-p247/bin/sidekiq:23:in `load'
/home/ec2-user/.rvm/gems/ruby-2.0.0-p247/bin/sidekiq:23:in `<main>'
/home/ec2-user/.rvm/gems/ruby-2.0.0-p247/bin/ruby_executable_hooks:15:in `eval'
/home/ec2-user/.rvm/gems/ruby-2.0.0-p247/bin/ruby_executable_hooks:15:in `<main>'
2013-11-20T16:22:14Z 8771 TID-16ia7s CheckEventStockWorker JID-994c9fd25b557fa225b18b75 INFO: start
2013-11-20T16:22:14Z 8771 TID-16ia7s CheckEventStockWorker JID-994c9fd25b557fa225b18b75 INFO: fail: 0.009 sec
2013-11-20T16:22:14Z 8771 TID-16ia7s WARN: {"retry"=>false, "queue"=>"default", "class"=>"CheckEventStockWorker", "args"=>[1], "jid"=>"994c9fd25b557fa225b18b75"}
2013-11-20T16:22:14Z 8771 TID-16ia7s WARN: Unknown MySQL server host 'pm1j0gqzlofzbs2.chpaufg9fts8.us-east-1.rds.amazonaws.com' (0)
2013-11-20T16:22:14Z 8771 TID-16ia7s WARN: /home/ec2-user/.rvm/gems/ruby-2.0.0-p247/gems/mysql2-0.3.14/lib/mysql2/client.rb:67:in `connect'
/home/ec2-user/.rvm/gems/ruby-2.0.0-p247/gems/mysql2-0.3.14/lib/mysql2/client.rb:67:in `initialize'
/home/ec2-user/.rvm/gems/ruby-2.0.0-p247/gems/activerecord-3.2.12/lib/active_record/connection_adapters/mysql2_adapter.rb:16:in `new'
/home/ec2-user/.rvm/gems/ruby-2.0.0-p247/gems/activerecord-3.2.12/lib/active_record/connection_adapters/mysql2_adapter.rb:16:in `mysql2_connection'
/home/ec2-user/.rvm/gems/ruby-2.0.0-p247/gems/activerecord-3.2.12/lib/active_record/connection_adapters/abstract/connection_pool.rb:315:in `new_connection'
/home/ec2-user/.rvm/gems/ruby-2.0.0-p247/gems/activerecord-3.2.12/lib/active_record/connection_adapters/abstract/connection_pool.rb:325:in `checkout_new_connection'
/home/ec2-user/.rvm/gems/ruby-2.0.0-p247/gems/activerecord-3.2.12/lib/active_record/connection_adapters/abstract/connection_pool.rb:247:in `block (2 levels) in checkout'
/home/ec2-user/.rvm/gems/ruby-2.0.0-p247/gems/activerecord-3.2.12/lib/active_record/connection_adapters/abstract/connection_pool.rb:242:in `loop'
/home/ec2-user/.rvm/gems/ruby-2.0.0-p247/gems/activerecord-3.2.12/lib/active_record/connection_adapters/abstract/connection_pool.rb:242:in `block in checkout'
/home/ec2-user/.rvm/rubies/ruby-2.0.0-p247/lib/ruby/2.0.0/monitor.rb:211:in `mon_synchronize'
/home/ec2-user/.rvm/gems/ruby-2.0.0-p247/gems/activerecord-3.2.12/lib/active_record/connection_adapters/abstract/connection_pool.rb:239:in `checkout'
/home/ec2-user/.rvm/gems/ruby-2.0.0-p247/gems/activerecord-3.2.12/lib/active_record/connection_adapters/abstract/connection_pool.rb:102:in `block in connection'
/home/ec2-user/.rvm/rubies/ruby-2.0.0-p247/lib/ruby/2.0.0/monitor.rb:211:in `mon_synchronize'
/home/ec2-user/.rvm/gems/ruby-2.0.0-p247/gems/activerecord-3.2.12/lib/active_record/connection_adapters/abstract/connection_pool.rb:101:in `connection'
/home/ec2-user/.rvm/gems/ruby-2.0.0-p247/gems/activerecord-3.2.12/lib/active_record/connection_adapters/abstract/connection_pool.rb:410:in `retrieve_connection'
/home/ec2-user/.rvm/gems/ruby-2.0.0-p247/gems/activerecord-3.2.12/lib/active_record/connection_adapters/abstract/connection_specification.rb:171:in `retrieve_connection'
/home/ec2-user/.rvm/gems/ruby-2.0.0-p247/gems/activerecord-3.2.12/lib/active_record/connection_adapters/abstract/connection_specification.rb:145:in `connection'
/home/ec2-user/.rvm/gems/ruby-2.0.0-p247/gems/activerecord-3.2.12/lib/active_record/model_schema.rb:228:in `columns'
/home/ec2-user/.rvm/gems/ruby-2.0.0-p247/gems/activerecord-3.2.12/lib/active_record/model_schema.rb:237:in `columns_hash'
/home/ec2-user/.rvm/gems/ruby-2.0.0-p247/gems/activerecord-3.2.12/lib/active_record/relation/delegation.rb:7:in `columns_hash'
/home/ec2-user/.rvm/gems/ruby-2.0.0-p247/gems/activerecord-3.2.12/lib/active_record/relation/finder_methods.rb:331:in `find_one'
/home/ec2-user/.rvm/gems/ruby-2.0.0-p247/gems/activerecord-3.2.12/lib/active_record/relation/finder_methods.rb:312:in `find_with_ids'
/home/ec2-user/.rvm/gems/ruby-2.0.0-p247/gems/activerecord-3.2.12/lib/active_record/relation/finder_methods.rb:107:in `find'
/home/ec2-user/.rvm/gems/ruby-2.0.0-p247/gems/activerecord-3.2.12/lib/active_record/querying.rb:5:in `find'
/home/ec2-user/showtime/app/workers/check_event_stock_worker.rb:16:in `perform'
/home/ec2-user/.rvm/gems/ruby-2.0.0-p247/gems/sidekiq-2.8.0/lib/sidekiq/processor.rb:45:in `block (3 levels) in process'
/home/ec2-user/.rvm/gems/ruby-2.0.0-p247/gems/sidekiq-2.8.0/lib/sidekiq/middleware/chain.rb:109:in `call'
/home/ec2-user/.rvm/gems/ruby-2.0.0-p247/gems/sidekiq-2.8.0/lib/sidekiq/middleware/chain.rb:109:in `block in invoke'
/home/ec2-user/.rvm/gems/ruby-2.0.0-p247/gems/newrelic_rpm-3.6.7.159/lib/new_relic/agent/instrumentation/sidekiq.rb:25:in `block in call'
/home/ec2-user/.rvm/gems/ruby-2.0.0-p247/gems/newrelic_rpm-3.6.7.159/lib/new_relic/agent/instrumentation/controller_instrumentation.rb:324:in `perform_action_with_newrelic_trace'
/home/ec2-user/.rvm/gems/ruby-2.0.0-p247/gems/newrelic_rpm-3.6.7.159/lib/new_relic/agent/instrumentation/sidekiq.rb:21:in `call'
/home/ec2-user/.rvm/gems/ruby-2.0.0-p247/gems/sidekiq-2.8.0/lib/sidekiq/middleware/chain.rb:111:in `block in invoke'
/home/ec2-user/.rvm/gems/ruby-2.0.0-p247/gems/sidetiq-0.3.0/lib/sidetiq/middleware.rb:13:in `call'
/home/ec2-user/.rvm/gems/ruby-2.0.0-p247/gems/sidekiq-2.8.0/lib/sidekiq/middleware/chain.rb:111:in `block in invoke'
/home/ec2-user/.rvm/gems/ruby-2.0.0-p247/gems/sidekiq-2.8.0/lib/sidekiq/middleware/server/timeout.rb:14:in `call'
/home/ec2-user/.rvm/gems/ruby-2.0.0-p247/gems/sidekiq-2.8.0/lib/sidekiq/middleware/chain.rb:111:in `block in invoke'
/home/ec2-user/.rvm/gems/ruby-2.0.0-p247/gems/sidekiq-2.8.0/lib/sidekiq/middleware/server/active_record.rb:6:in `call'
/home/ec2-user/.rvm/gems/ruby-2.0.0-p247/gems/sidekiq-2.8.0/lib/sidekiq/middleware/chain.rb:111:in `block in invoke'
/home/ec2-user/.rvm/gems/ruby-2.0.0-p247/gems/sidekiq-2.8.0/lib/sidekiq/middleware/server/retry_jobs.rb:49:in `call'
/home/ec2-user/.rvm/gems/ruby-2.0.0-p247/gems/sidekiq-2.8.0/lib/sidekiq/middleware/chain.rb:111:in `block in invoke'
/home/ec2-user/.rvm/gems/ruby-2.0.0-p247/gems/sidekiq-2.8.0/lib/sidekiq/middleware/server/logging.rb:11:in `block in call'
/home/ec2-user/.rvm/gems/ruby-2.0.0-p247/gems/sidekiq-2.8.0/lib/sidekiq/logging.rb:22:in `with_context'
/home/ec2-user/.rvm/gems/ruby-2.0.0-p247/gems/sidekiq-2.8.0/lib/sidekiq/middleware/server/logging.rb:7:in `call'
/home/ec2-user/.rvm/gems/ruby-2.0.0-p247/gems/sidekiq-2.8.0/lib/sidekiq/middleware/chain.rb:111:in `block in invoke'
/home/ec2-user/.rvm/gems/ruby-2.0.0-p247/gems/sidekiq-2.8.0/lib/sidekiq/middleware/chain.rb:114:in `call'
/home/ec2-user/.rvm/gems/ruby-2.0.0-p247/gems/sidekiq-2.8.0/lib/sidekiq/middleware/chain.rb:114:in `invoke'
/home/ec2-user/.rvm/gems/ruby-2.0.0-p247/gems/sidekiq-2.8.0/lib/sidekiq/processor.rb:44:in `block (2 levels) in process'
/home/ec2-user/.rvm/gems/ruby-2.0.0-p247/gems/sidekiq-2.8.0/lib/sidekiq/processor.rb:80:in `stats'
/home/ec2-user/.rvm/gems/ruby-2.0.0-p247/gems/sidekiq-2.8.0/lib/sidekiq/processor.rb:43:in `block in process'
/home/ec2-user/.rvm/gems/ruby-2.0.0-p247/gems/celluloid-0.12.4/lib/celluloid/calls.rb:23:in `call'
/home/ec2-user/.rvm/gems/ruby-2.0.0-p247/gems/celluloid-0.12.4/lib/celluloid/calls.rb:23:in `public_send'
/home/ec2-user/.rvm/gems/ruby-2.0.0-p247/gems/celluloid-0.12.4/lib/celluloid/calls.rb:23:in `dispatch'
/home/ec2-user/.rvm/gems/ruby-2.0.0-p247/gems/celluloid-0.12.4/lib/celluloid/future.rb:18:in `block in initialize'
/home/ec2-user/.rvm/gems/ruby-2.0.0-p247/gems/celluloid-0.12.4/lib/celluloid/internal_pool.rb:48:in `call'
/home/ec2-user/.rvm/gems/ruby-2.0.0-p247/gems/celluloid-0.12.4/lib/celluloid/internal_pool.rb:48:in `block in create'
2013-11-21T03:00:00Z 8771 TID-tcqwg INFO: Sidetiq::Clock enqueue CloseEventWorker (at: 1385089200.0) (last: 1385002800.0)
2013-11-21T03:00:00Z 8771 TID-tcqwg INFO: Sidetiq::Clock enqueue CloseExperienceWorker (at: 1385089200.0) (last: 1385002800.0)
2013-11-21T03:00:00Z 8771 TID-tcqwg INFO: Sidetiq::Clock enqueue ExpireExperiencesWorker (at: 1385089200.0) (last: 1385002800.0)
2013-11-21T03:00:09Z 8771 TID-rc5i8 CloseEventWorker JID-4d8e4ce19c52fadafaa20fed INFO: start
2013-11-21T03:00:09Z 8771 TID-rc5i8 CloseEventWorker JID-4d8e4ce19c52fadafaa20fed INFO: fail: 0.002 sec
2013-11-21T03:00:09Z 8771 TID-120660 CloseExperienceWorker JID-a84d8cd7514c59b77447f851 INFO: start
2013-11-21T03:00:09Z 8771 TID-120660 CloseExperienceWorker JID-a84d8cd7514c59b77447f851 INFO: fail: 0.001 sec
2013-11-21T03:00:09Z 8771 TID-rc5i8 WARN: {"retry"=>false, "queue"=>"default", "class"=>"CloseEventWorker", "args"=>[-1.0, 1385002800.0], "at"=>1385002800.0, "jid"=>"4d8e4ce19c52fadafaa20fed"}
2013-11-21T03:00:09Z 8771 TID-rc5i8 WARN: wrong number of arguments (2 for 0)
2013-11-21T03:00:09Z 8771 TID-rc5i8 WARN: /home/ec2-user/showtime/app/workers/close_event_worker.rb:20:in `perform'
/home/ec2-user/.rvm/gems/ruby-2.0.0-p247/gems/sidekiq-2.8.0/lib/sidekiq/processor.rb:45:in `block (3 levels) in process'
/home/ec2-user/.rvm/gems/ruby-2.0.0-p247/gems/sidekiq-2.8.0/lib/sidekiq/middleware/chain.rb:109:in `call'
/home/ec2-user/.rvm/gems/ruby-2.0.0-p247/gems/sidekiq-2.8.0/lib/sidekiq/middleware/chain.rb:109:in `block in invoke'
/home/ec2-user/.rvm/gems/ruby-2.0.0-p247/gems/newrelic_rpm-3.6.7.159/lib/new_relic/agent/instrumentation/sidekiq.rb:25:in `block in call'
/home/ec2-user/.rvm/gems/ruby-2.0.0-p247/gems/newrelic_rpm-3.6.7.159/lib/new_relic/agent/instrumentation/controller_instrumentation.rb:324:in `perform_action_with_newrelic_trace'
/home/ec2-user/.rvm/gems/ruby-2.0.0-p247/gems/newrelic_rpm-3.6.7.159/lib/new_relic/agent/instrumentation/sidekiq.rb:21:in `call'
/home/ec2-user/.rvm/gems/ruby-2.0.0-p247/gems/sidekiq-2.8.0/lib/sidekiq/middleware/chain.rb:111:in `block in invoke'
/home/ec2-user/.rvm/gems/ruby-2.0.0-p247/gems/sidetiq-0.3.0/lib/sidetiq/middleware.rb:13:in `call'
/home/ec2-user/.rvm/gems/ruby-2.0.0-p247/gems/sidekiq-2.8.0/lib/sidekiq/middleware/chain.rb:111:in `block in invoke'
/home/ec2-user/.rvm/gems/ruby-2.0.0-p247/gems/sidekiq-2.8.0/lib/sidekiq/middleware/server/timeout.rb:14:in `call'
/home/ec2-user/.rvm/gems/ruby-2.0.0-p247/gems/sidekiq-2.8.0/lib/sidekiq/middleware/chain.rb:111:in `block in invoke'
/home/ec2-user/.rvm/gems/ruby-2.0.0-p247/gems/sidekiq-2.8.0/lib/sidekiq/middleware/server/active_record.rb:6:in `call'
/home/ec2-user/.rvm/gems/ruby-2.0.0-p247/gems/sidekiq-2.8.0/lib/sidekiq/middleware/chain.rb:111:in `block in invoke'
/home/ec2-user/.rvm/gems/ruby-2.0.0-p247/gems/sidekiq-2.8.0/lib/sidekiq/middleware/server/retry_jobs.rb:49:in `call'
/home/ec2-user/.rvm/gems/ruby-2.0.0-p247/gems/sidekiq-2.8.0/lib/sidekiq/middleware/chain.rb:111:in `block in invoke'
/home/ec2-user/.rvm/gems/ruby-2.0.0-p247/gems/sidekiq-2.8.0/lib/sidekiq/middleware/server/logging.rb:11:in `block in call'
/home/ec2-user/.rvm/gems/ruby-2.0.0-p247/gems/sidekiq-2.8.0/lib/sidekiq/logging.rb:22:in `with_context'
/home/ec2-user/.rvm/gems/ruby-2.0.0-p247/gems/sidekiq-2.8.0/lib/sidekiq/middleware/server/logging.rb:7:in `call'
/home/ec2-user/.rvm/gems/ruby-2.0.0-p247/gems/sidekiq-2.8.0/lib/sidekiq/middleware/chain.rb:111:in `block in invoke'
/home/ec2-user/.rvm/gems/ruby-2.0.0-p247/gems/sidekiq-2.8.0/lib/sidekiq/middleware/chain.rb:114:in `call'
/home/ec2-user/.rvm/gems/ruby-2.0.0-p247/gems/sidekiq-2.8.0/lib/sidekiq/middleware/chain.rb:114:in `invoke'
/home/ec2-user/.rvm/gems/ruby-2.0.0-p247/gems/sidekiq-2.8.0/lib/sidekiq/processor.rb:44:in `block (2 levels) in process'
/home/ec2-user/.rvm/gems/ruby-2.0.0-p247/gems/sidekiq-2.8.0/lib/sidekiq/processor.rb:80:in `stats'
/home/ec2-user/.rvm/gems/ruby-2.0.0-p247/gems/sidekiq-2.8.0/lib/sidekiq/processor.rb:43:in `block in process'
/home/ec2-user/.rvm/gems/ruby-2.0.0-p247/gems/celluloid-0.12.4/lib/celluloid/calls.rb:23:in `call'
/home/ec2-user/.rvm/gems/ruby-2.0.0-p247/gems/celluloid-0.12.4/lib/celluloid/calls.rb:23:in `public_send'
/home/ec2-user/.rvm/gems/ruby-2.0.0-p247/gems/celluloid-0.12.4/lib/celluloid/calls.rb:23:in `dispatch'
/home/ec2-user/.rvm/gems/ruby-2.0.0-p247/gems/celluloid-0.12.4/lib/celluloid/future.rb:18:in `block in initialize'
/home/ec2-user/.rvm/gems/ruby-2.0.0-p247/gems/celluloid-0.12.4/lib/celluloid/internal_pool.rb:48:in `call'
/home/ec2-user/.rvm/gems/ruby-2.0.0-p247/gems/celluloid-0.12.4/lib/celluloid/internal_pool.rb:48:in `block in create'
2013-11-21T03:00:09Z 8771 TID-120660 WARN: {"retry"=>false, "queue"=>"default", "class"=>"CloseExperienceWorker", "args"=>[-1.0, 1385002800.0], "at"=>1385002800.0, "jid"=>"a84d8cd7514c59b77447f851"}
2013-11-21T03:00:09Z 8771 TID-120660 WARN: wrong number of arguments (2 for 0)
2013-11-21T03:00:09Z 8771 TID-120660 WARN: /home/ec2-user/showtime/app/workers/close_experience_worker.rb:20:in `perform'
/home/ec2-user/.rvm/gems/ruby-2.0.0-p247/gems/sidekiq-2.8.0/lib/sidekiq/processor.rb:45:in `block (3 levels) in process'
/home/ec2-user/.rvm/gems/ruby-2.0.0-p247/gems/sidekiq-2.8.0/lib/sidekiq/middleware/chain.rb:109:in `call'
/home/ec2-user/.rvm/gems/ruby-2.0.0-p247/gems/sidekiq-2.8.0/lib/sidekiq/middleware/chain.rb:109:in `block in invoke'
/home/ec2-user/.rvm/gems/ruby-2.0.0-p247/gems/newrelic_rpm-3.6.7.159/lib/new_relic/agent/instrumentation/sidekiq.rb:25:in `block in call'
/home/ec2-user/.rvm/gems/ruby-2.0.0-p247/gems/newrelic_rpm-3.6.7.159/lib/new_relic/agent/instrumentation/controller_instrumentation.rb:324:in `perform_action_with_newrelic_trace'
/home/ec2-user/.rvm/gems/ruby-2.0.0-p247/gems/newrelic_rpm-3.6.7.159/lib/new_relic/agent/instrumentation/sidekiq.rb:21:in `call'
/home/ec2-user/.rvm/gems/ruby-2.0.0-p247/gems/sidekiq-2.8.0/lib/sidekiq/middleware/chain.rb:111:in `block in invoke'
/home/ec2-user/.rvm/gems/ruby-2.0.0-p247/gems/sidetiq-0.3.0/lib/sidetiq/middleware.rb:13:in `call'
/home/ec2-user/.rvm/gems/ruby-2.0.0-p247/gems/sidekiq-2.8.0/lib/sidekiq/middleware/chain.rb:111:in `block in invoke'
/home/ec2-user/.rvm/gems/ruby-2.0.0-p247/gems/sidekiq-2.8.0/lib/sidekiq/middleware/server/timeout.rb:14:in `call'
/home/ec2-user/.rvm/gems/ruby-2.0.0-p247/gems/sidekiq-2.8.0/lib/sidekiq/middleware/chain.rb:111:in `block in invoke'
/home/ec2-user/.rvm/gems/ruby-2.0.0-p247/gems/sidekiq-2.8.0/lib/sidekiq/middleware/server/active_record.rb:6:in `call'
/home/ec2-user/.rvm/gems/ruby-2.0.0-p247/gems/sidekiq-2.8.0/lib/sidekiq/middleware/chain.rb:111:in `block in invoke'
/home/ec2-user/.rvm/gems/ruby-2.0.0-p247/gems/sidekiq-2.8.0/lib/sidekiq/middleware/server/retry_jobs.rb:49:in `call'
/home/ec2-user/.rvm/gems/ruby-2.0.0-p247/gems/sidekiq-2.8.0/lib/sidekiq/middleware/chain.rb:111:in `block in invoke'
/home/ec2-user/.rvm/gems/ruby-2.0.0-p247/gems/sidekiq-2.8.0/lib/sidekiq/middleware/server/logging.rb:11:in `block in call'
/home/ec2-user/.rvm/gems/ruby-2.0.0-p247/gems/sidekiq-2.8.0/lib/sidekiq/logging.rb:22:in `with_context'
/home/ec2-user/.rvm/gems/ruby-2.0.0-p247/gems/sidekiq-2.8.0/lib/sidekiq/middleware/server/logging.rb:7:in `call'
/home/ec2-user/.rvm/gems/ruby-2.0.0-p247/gems/sidekiq-2.8.0/lib/sidekiq/middleware/chain.rb:111:in `block in invoke'
/home/ec2-user/.rvm/gems/ruby-2.0.0-p247/gems/sidekiq-2.8.0/lib/sidekiq/middleware/chain.rb:114:in `call'
/home/ec2-user/.rvm/gems/ruby-2.0.0-p247/gems/sidekiq-2.8.0/lib/sidekiq/middleware/chain.rb:114:in `invoke'
/home/ec2-user/.rvm/gems/ruby-2.0.0-p247/gems/sidekiq-2.8.0/lib/sidekiq/processor.rb:44:in `block (2 levels) in process'
/home/ec2-user/.rvm/gems/ruby-2.0.0-p247/gems/sidekiq-2.8.0/lib/sidekiq/processor.rb:80:in `stats'
/home/ec2-user/.rvm/gems/ruby-2.0.0-p247/gems/sidekiq-2.8.0/lib/sidekiq/processor.rb:43:in `block in process'
/home/ec2-user/.rvm/gems/ruby-2.0.0-p247/gems/celluloid-0.12.4/lib/celluloid/calls.rb:23:in `call'
/home/ec2-user/.rvm/gems/ruby-2.0.0-p247/gems/celluloid-0.12.4/lib/celluloid/calls.rb:23:in `public_send'
/home/ec2-user/.rvm/gems/ruby-2.0.0-p247/gems/celluloid-0.12.4/lib/celluloid/calls.rb:23:in `dispatch'
/home/ec2-user/.rvm/gems/ruby-2.0.0-p247/gems/celluloid-0.12.4/lib/celluloid/future.rb:18:in `block in initialize'
/home/ec2-user/.rvm/gems/ruby-2.0.0-p247/gems/celluloid-0.12.4/lib/celluloid/internal_pool.rb:48:in `call'
/home/ec2-user/.rvm/gems/ruby-2.0.0-p247/gems/celluloid-0.12.4/lib/celluloid/internal_pool.rb:48:in `block in create'
2013-11-21T03:00:09Z 8771 TID-12332o ExpireExperiencesWorker JID-e7477f6024b5e87b4738c18b INFO: start
2013-11-21T03:00:09Z 8771 TID-12332o ExpireExperiencesWorker JID-e7477f6024b5e87b4738c18b INFO: fail: 0.001 sec
2013-11-21T03:00:09Z 8771 TID-12332o WARN: {"retry"=>false, "queue"=>"default", "class"=>"ExpireExperiencesWorker", "args"=>[-1.0, 1385002800.0], "at"=>1385002800.0, "jid"=>"e7477f6024b5e87b4738c18b"}
2013-11-21T03:00:09Z 8771 TID-12332o WARN: wrong number of arguments (2 for 0)
2013-11-21T03:00:09Z 8771 TID-12332o WARN: /home/ec2-user/showtime/app/workers/expire_experiences_worker.rb:20:in `perform'
/home/ec2-user/.rvm/gems/ruby-2.0.0-p247/gems/sidekiq-2.8.0/lib/sidekiq/processor.rb:45:in `block (3 levels) in process'
/home/ec2-user/.rvm/gems/ruby-2.0.0-p247/gems/sidekiq-2.8.0/lib/sidekiq/middleware/chain.rb:109:in `call'
/home/ec2-user/.rvm/gems/ruby-2.0.0-p247/gems/sidekiq-2.8.0/lib/sidekiq/middleware/chain.rb:109:in `block in invoke'
/home/ec2-user/.rvm/gems/ruby-2.0.0-p247/gems/newrelic_rpm-3.6.7.159/lib/new_relic/agent/instrumentation/sidekiq.rb:25:in `block in call'
/home/ec2-user/.rvm/gems/ruby-2.0.0-p247/gems/newrelic_rpm-3.6.7.159/lib/new_relic/agent/instrumentation/controller_instrumentation.rb:324:in `perform_action_with_newrelic_trace'
/home/ec2-user/.rvm/gems/ruby-2.0.0-p247/gems/newrelic_rpm-3.6.7.159/lib/new_relic/agent/instrumentation/sidekiq.rb:21:in `call'
/home/ec2-user/.rvm/gems/ruby-2.0.0-p247/gems/sidekiq-2.8.0/lib/sidekiq/middleware/chain.rb:111:in `block in invoke'
/home/ec2-user/.rvm/gems/ruby-2.0.0-p247/gems/sidetiq-0.3.0/lib/sidetiq/middleware.rb:13:in `call'
/home/ec2-user/.rvm/gems/ruby-2.0.0-p247/gems/sidekiq-2.8.0/lib/sidekiq/middleware/chain.rb:111:in `block in invoke'
/home/ec2-user/.rvm/gems/ruby-2.0.0-p247/gems/sidekiq-2.8.0/lib/sidekiq/middleware/server/timeout.rb:14:in `call'
/home/ec2-user/.rvm/gems/ruby-2.0.0-p247/gems/sidekiq-2.8.0/lib/sidekiq/middleware/chain.rb:111:in `block in invoke'
/home/ec2-user/.rvm/gems/ruby-2.0.0-p247/gems/sidekiq-2.8.0/lib/sidekiq/middleware/server/active_record.rb:6:in `call'
/home/ec2-user/.rvm/gems/ruby-2.0.0-p247/gems/sidekiq-2.8.0/lib/sidekiq/middleware/chain.rb:111:in `block in invoke'
/home/ec2-user/.rvm/gems/ruby-2.0.0-p247/gems/sidekiq-2.8.0/lib/sidekiq/middleware/server/retry_jobs.rb:49:in `call'
/home/ec2-user/.rvm/gems/ruby-2.0.0-p247/gems/sidekiq-2.8.0/lib/sidekiq/middleware/chain.rb:111:in `block in invoke'
/home/ec2-user/.rvm/gems/ruby-2.0.0-p247/gems/sidekiq-2.8.0/lib/sidekiq/middleware/server/logging.rb:11:in `block in call'
/home/ec2-user/.rvm/gems/ruby-2.0.0-p247/gems/sidekiq-2.8.0/lib/sidekiq/logging.rb:22:in `with_context'
/home/ec2-user/.rvm/gems/ruby-2.0.0-p247/gems/sidekiq-2.8.0/lib/sidekiq/middleware/server/logging.rb:7:in `call'
/home/ec2-user/.rvm/gems/ruby-2.0.0-p247/gems/sidekiq-2.8.0/lib/sidekiq/middleware/chain.rb:111:in `block in invoke'
/home/ec2-user/.rvm/gems/ruby-2.0.0-p247/gems/sidekiq-2.8.0/lib/sidekiq/middleware/chain.rb:114:in `call'
/home/ec2-user/.rvm/gems/ruby-2.0.0-p247/gems/sidekiq-2.8.0/lib/sidekiq/middleware/chain.rb:114:in `invoke'
/home/ec2-user/.rvm/gems/ruby-2.0.0-p247/gems/sidekiq-2.8.0/lib/sidekiq/processor.rb:44:in `block (2 levels) in process'
/home/ec2-user/.rvm/gems/ruby-2.0.0-p247/gems/sidekiq-2.8.0/lib/sidekiq/processor.rb:80:in `stats'
/home/ec2-user/.rvm/gems/ruby-2.0.0-p247/gems/sidekiq-2.8.0/lib/sidekiq/processor.rb:43:in `block in process'
/home/ec2-user/.rvm/gems/ruby-2.0.0-p247/gems/celluloid-0.12.4/lib/celluloid/calls.rb:23:in `call'
/home/ec2-user/.rvm/gems/ruby-2.0.0-p247/gems/celluloid-0.12.4/lib/celluloid/calls.rb:23:in `public_send'
/home/ec2-user/.rvm/gems/ruby-2.0.0-p247/gems/celluloid-0.12.4/lib/celluloid/calls.rb:23:in `dispatch'
/home/ec2-user/.rvm/gems/ruby-2.0.0-p247/gems/celluloid-0.12.4/lib/celluloid/future.rb:18:in `block in initialize'
/home/ec2-user/.rvm/gems/ruby-2.0.0-p247/gems/celluloid-0.12.4/lib/celluloid/internal_pool.rb:48:in `call'
/home/ec2-user/.rvm/gems/ruby-2.0.0-p247/gems/celluloid-0.12.4/lib/celluloid/internal_pool.rb:48:in `block in create'
2013-11-21T05:13:40Z 25417 TID-6himw INFO: Sidetiq::Clock start
2013-11-21T05:13:46Z 25417 TID-6himw INFO: Booting Sidekiq 2.8.0 with Redis at redis://localhost:6379/0
2013-11-21T05:13:46Z 25417 TID-6himw INFO: Running in ruby 2.0.0p247 (2013-06-27 revision 41674) [x86_64-linux]
2013-11-21T05:13:46Z 25417 TID-6himw INFO: See LICENSE and the LGPL-3.0 for licensing details.
2013-11-21T05:13:46Z 25417 TID-6himw INFO: Starting processing, hit Ctrl-C to stop
